<?xml version="1.0" encoding="UTF-8"?>
<!-- Generated by org.testng.reporters.JUnitReportReporter -->
<testsuite hostname="LAPTOP-5H9HEO78" failures="0" tests="1" name="test.Day2" time="0.003" errors="0" timestamp="2024-08-27T16:47:39 IST" skipped="0">
  <testcase classname="test.Day2" name="Demo3" time="0.003"/>
  <system-out/>
</testsuite> <!-- test.Day2 -->
