<?xml version="1.0" encoding="UTF-8"?>
<!-- Generated by org.testng.reporters.JUnitReportReporter -->
<testsuite hostname="LAPTOP-5H9HEO78" failures="0" tests="3" name="test.Day4" time="0.008" errors="0" timestamp="2024-08-27T16:47:39 IST" skipped="0">
  <testcase classname="test.Day4" name="WebLoginHomeLoan" time="0.002"/>
  <system-out/>
  <testcase classname="test.Day4" name="LoginApiHomeLoan" time="0.004"/>
  <system-out/>
  <testcase classname="test.Day4" name="MobileLoginHomeLoan" time="0.002"/>
  <system-out/>
</testsuite> <!-- test.Day4 -->
