<?xml version="1.0" encoding="UTF-8"?>
<!-- Generated by org.testng.reporters.JUnitReportReporter -->
<testsuite hostname="LAPTOP-5H9HEO78" failures="0" tests="7" name="test.Day3" time="0.018" errors="0" timestamp="2024-08-27T16:47:39 IST" skipped="1">
  <testcase classname="test.Day3" name="MobileLoginCarLoan" time="0.008"/>
  <system-out/>
  <testcase classname="test.Day3" name="ApiCarLoan" time="0.003"/>
  <system-out/>
  <testcase classname="test.Day3" name="MobileLoginCarLoan" time="0.001"/>
  <system-out/>
  <testcase classname="test.Day3" name="WebLoginCarLoan" time="0.001"/>
  <system-out/>
  <testcase classname="test.Day3" name="MobileLoginCarLoan" time="0.003"/>
  <system-out/>
  <testcase classname="test.Day3" name="MobileSignInCarLoan" time="0.002"/>
  <system-out/>
  <testcase classname="test.Day3" name="MobileLogoutCarLoan">
    <skipped/>
  </testcase> <!-- MobileLogoutCarLoan -->
  <system-out/>
</testsuite> <!-- test.Day3 -->
